[2025-05-30 10:10:38] testing.ERROR: Target class [TaskController] does not exist. {"userId":1,"exception":"[object] (Illuminate\\Contracts\\Container\\BindingResolutionException(code: 0): Target class [TaskController] does not exist. at C:\\Web, Gulp and other\\web-development\\Works\\laravel -todo-api\\vendor\\laravel\\framework\\src\\Illuminate\\Container\\Container.php:891)
[stacktrace]
#0 C:\\Web, Gulp and other\\web-development\\Works\\laravel -todo-api\\vendor\\laravel\\framework\\src\\Illuminate\\Container\\Container.php(770): Illuminate\\Container\\Container->build()
#1 C:\\Web, Gulp and other\\web-development\\Works\\laravel -todo-api\\vendor\\laravel\\framework\\src\\Illuminate\\Foundation\\Application.php(881): Illuminate\\Container\\Container->resolve()
#2 C:\\Web, Gulp and other\\web-development\\Works\\laravel -todo-api\\vendor\\laravel\\framework\\src\\Illuminate\\Container\\Container.php(706): Illuminate\\Foundation\\Application->resolve()
#3 C:\\Web, Gulp and other\\web-development\\Works\\laravel -todo-api\\vendor\\laravel\\framework\\src\\Illuminate\\Foundation\\Application.php(866): Illuminate\\Container\\Container->make()
#4 C:\\Web, Gulp and other\\web-development\\Works\\laravel -todo-api\\vendor\\laravel\\framework\\src\\Illuminate\\Routing\\Route.php(274): Illuminate\\Foundation\\Application->make()
#5 C:\\Web, Gulp and other\\web-development\\Works\\laravel -todo-api\\vendor\\laravel\\framework\\src\\Illuminate\\Routing\\Route.php(260): Illuminate\\Routing\\Route->getController()
#6 C:\\Web, Gulp and other\\web-development\\Works\\laravel -todo-api\\vendor\\laravel\\framework\\src\\Illuminate\\Routing\\Route.php(205): Illuminate\\Routing\\Route->runController()
#7 C:\\Web, Gulp and other\\web-development\\Works\\laravel -todo-api\\vendor\\laravel\\framework\\src\\Illuminate\\Routing\\Router.php(798): Illuminate\\Routing\\Route->run()
#8 C:\\Web, Gulp and other\\web-development\\Works\\laravel -todo-api\\vendor\\laravel\\framework\\src\\Illuminate\\Pipeline\\Pipeline.php(141): Illuminate\\Routing\\Router->Illuminate\\Routing\\{closure}()
#9 C:\\Web, Gulp and other\\web-development\\Works\\laravel -todo-api\\vendor\\laravel\\framework\\src\\Illuminate\\Routing\\Middleware\\SubstituteBindings.php(50): Illuminate\\Pipeline\\Pipeline->Illuminate\\Pipeline\\{closure}()
#10 C:\\Web, Gulp and other\\web-development\\Works\\laravel -todo-api\\vendor\\laravel\\framework\\src\\Illuminate\\Pipeline\\Pipeline.php(180): Illuminate\\Routing\\Middleware\\SubstituteBindings->handle()
#11 C:\\Web, Gulp and other\\web-development\\Works\\laravel -todo-api\\vendor\\laravel\\framework\\src\\Illuminate\\Routing\\Middleware\\ThrottleRequests.php(126): Illuminate\\Pipeline\\Pipeline->Illuminate\\Pipeline\\{closure}()
#12 C:\\Web, Gulp and other\\web-development\\Works\\laravel -todo-api\\vendor\\laravel\\framework\\src\\Illuminate\\Routing\\Middleware\\ThrottleRequests.php(92): Illuminate\\Routing\\Middleware\\ThrottleRequests->handleRequest()
#13 C:\\Web, Gulp and other\\web-development\\Works\\laravel -todo-api\\vendor\\laravel\\framework\\src\\Illuminate\\Routing\\Middleware\\ThrottleRequests.php(54): Illuminate\\Routing\\Middleware\\ThrottleRequests->handleRequestUsingNamedLimiter()
#14 C:\\Web, Gulp and other\\web-development\\Works\\laravel -todo-api\\vendor\\laravel\\framework\\src\\Illuminate\\Pipeline\\Pipeline.php(180): Illuminate\\Routing\\Middleware\\ThrottleRequests->handle()
#15 C:\\Web, Gulp and other\\web-development\\Works\\laravel -todo-api\\vendor\\laravel\\framework\\src\\Illuminate\\Auth\\Middleware\\Authenticate.php(44): Illuminate\\Pipeline\\Pipeline->Illuminate\\Pipeline\\{closure}()
#16 C:\\Web, Gulp and other\\web-development\\Works\\laravel -todo-api\\vendor\\laravel\\framework\\src\\Illuminate\\Pipeline\\Pipeline.php(180): Illuminate\\Auth\\Middleware\\Authenticate->handle()
#17 C:\\Web, Gulp and other\\web-development\\Works\\laravel -todo-api\\vendor\\laravel\\framework\\src\\Illuminate\\Pipeline\\Pipeline.php(116): Illuminate\\Pipeline\\Pipeline->Illuminate\\Pipeline\\{closure}()
#18 C:\\Web, Gulp and other\\web-development\\Works\\laravel -todo-api\\vendor\\laravel\\framework\\src\\Illuminate\\Routing\\Router.php(797): Illuminate\\Pipeline\\Pipeline->then()
#19 C:\\Web, Gulp and other\\web-development\\Works\\laravel -todo-api\\vendor\\laravel\\framework\\src\\Illuminate\\Routing\\Router.php(776): Illuminate\\Routing\\Router->runRouteWithinStack()
#20 C:\\Web, Gulp and other\\web-development\\Works\\laravel -todo-api\\vendor\\laravel\\framework\\src\\Illuminate\\Routing\\Router.php(740): Illuminate\\Routing\\Router->runRoute()
#21 C:\\Web, Gulp and other\\web-development\\Works\\laravel -todo-api\\vendor\\laravel\\framework\\src\\Illuminate\\Routing\\Router.php(729): Illuminate\\Routing\\Router->dispatchToRoute()
#22 C:\\Web, Gulp and other\\web-development\\Works\\laravel -todo-api\\vendor\\laravel\\framework\\src\\Illuminate\\Foundation\\Http\\Kernel.php(190): Illuminate\\Routing\\Router->dispatch()
#23 C:\\Web, Gulp and other\\web-development\\Works\\laravel -todo-api\\vendor\\laravel\\framework\\src\\Illuminate\\Pipeline\\Pipeline.php(141): Illuminate\\Foundation\\Http\\Kernel->Illuminate\\Foundation\\Http\\{closure}()
#24 C:\\Web, Gulp and other\\web-development\\Works\\laravel -todo-api\\vendor\\laravel\\framework\\src\\Illuminate\\Foundation\\Http\\Middleware\\TransformsRequest.php(21): Illuminate\\Pipeline\\Pipeline->Illuminate\\Pipeline\\{closure}()
#25 C:\\Web, Gulp and other\\web-development\\Works\\laravel -todo-api\\vendor\\laravel\\framework\\src\\Illuminate\\Foundation\\Http\\Middleware\\ConvertEmptyStringsToNull.php(31): Illuminate\\Foundation\\Http\\Middleware\\TransformsRequest->handle()
#26 C:\\Web, Gulp and other\\web-development\\Works\\laravel -todo-api\\vendor\\laravel\\framework\\src\\Illuminate\\Pipeline\\Pipeline.php(180): Illuminate\\Foundation\\Http\\Middleware\\ConvertEmptyStringsToNull->handle()
#27 C:\\Web, Gulp and other\\web-development\\Works\\laravel -todo-api\\vendor\\laravel\\framework\\src\\Illuminate\\Foundation\\Http\\Middleware\\TransformsRequest.php(21): Illuminate\\Pipeline\\Pipeline->Illuminate\\Pipeline\\{closure}()
#28 C:\\Web, Gulp and other\\web-development\\Works\\laravel -todo-api\\vendor\\laravel\\framework\\src\\Illuminate\\Foundation\\Http\\Middleware\\TrimStrings.php(40): Illuminate\\Foundation\\Http\\Middleware\\TransformsRequest->handle()
#29 C:\\Web, Gulp and other\\web-development\\Works\\laravel -todo-api\\vendor\\laravel\\framework\\src\\Illuminate\\Pipeline\\Pipeline.php(180): Illuminate\\Foundation\\Http\\Middleware\\TrimStrings->handle()
#30 C:\\Web, Gulp and other\\web-development\\Works\\laravel -todo-api\\vendor\\laravel\\framework\\src\\Illuminate\\Foundation\\Http\\Middleware\\ValidatePostSize.php(27): Illuminate\\Pipeline\\Pipeline->Illuminate\\Pipeline\\{closure}()
#31 C:\\Web, Gulp and other\\web-development\\Works\\laravel -todo-api\\vendor\\laravel\\framework\\src\\Illuminate\\Pipeline\\Pipeline.php(180): Illuminate\\Foundation\\Http\\Middleware\\ValidatePostSize->handle()
#32 C:\\Web, Gulp and other\\web-development\\Works\\laravel -todo-api\\vendor\\laravel\\framework\\src\\Illuminate\\Foundation\\Http\\Middleware\\PreventRequestsDuringMaintenance.php(86): Illuminate\\Pipeline\\Pipeline->Illuminate\\Pipeline\\{closure}()
#33 C:\\Web, Gulp and other\\web-development\\Works\\laravel -todo-api\\vendor\\laravel\\framework\\src\\Illuminate\\Pipeline\\Pipeline.php(180): Illuminate\\Foundation\\Http\\Middleware\\PreventRequestsDuringMaintenance->handle()
#34 C:\\Web, Gulp and other\\web-development\\Works\\laravel -todo-api\\vendor\\fruitcake\\laravel-cors\\src\\HandleCors.php(52): Illuminate\\Pipeline\\Pipeline->Illuminate\\Pipeline\\{closure}()
#35 C:\\Web, Gulp and other\\web-development\\Works\\laravel -todo-api\\vendor\\laravel\\framework\\src\\Illuminate\\Pipeline\\Pipeline.php(180): Fruitcake\\Cors\\HandleCors->handle()
#36 C:\\Web, Gulp and other\\web-development\\Works\\laravel -todo-api\\vendor\\laravel\\framework\\src\\Illuminate\\Http\\Middleware\\TrustProxies.php(39): Illuminate\\Pipeline\\Pipeline->Illuminate\\Pipeline\\{closure}()
#37 C:\\Web, Gulp and other\\web-development\\Works\\laravel -todo-api\\vendor\\laravel\\framework\\src\\Illuminate\\Pipeline\\Pipeline.php(180): Illuminate\\Http\\Middleware\\TrustProxies->handle()
#38 C:\\Web, Gulp and other\\web-development\\Works\\laravel -todo-api\\vendor\\laravel\\framework\\src\\Illuminate\\Pipeline\\Pipeline.php(116): Illuminate\\Pipeline\\Pipeline->Illuminate\\Pipeline\\{closure}()
#39 C:\\Web, Gulp and other\\web-development\\Works\\laravel -todo-api\\vendor\\laravel\\framework\\src\\Illuminate\\Foundation\\Http\\Kernel.php(165): Illuminate\\Pipeline\\Pipeline->then()
#40 C:\\Web, Gulp and other\\web-development\\Works\\laravel -todo-api\\vendor\\laravel\\framework\\src\\Illuminate\\Foundation\\Http\\Kernel.php(134): Illuminate\\Foundation\\Http\\Kernel->sendRequestThroughRouter()
#41 C:\\Web, Gulp and other\\web-development\\Works\\laravel -todo-api\\vendor\\laravel\\framework\\src\\Illuminate\\Foundation\\Testing\\Concerns\\MakesHttpRequests.php(556): Illuminate\\Foundation\\Http\\Kernel->handle()
#42 C:\\Web, Gulp and other\\web-development\\Works\\laravel -todo-api\\vendor\\laravel\\framework\\src\\Illuminate\\Foundation\\Testing\\Concerns\\MakesHttpRequests.php(522): Illuminate\\Foundation\\Testing\\TestCase->call()
#43 C:\\Web, Gulp and other\\web-development\\Works\\laravel -todo-api\\vendor\\laravel\\framework\\src\\Illuminate\\Foundation\\Testing\\Concerns\\MakesHttpRequests.php(365): Illuminate\\Foundation\\Testing\\TestCase->json()
#44 C:\\Web, Gulp and other\\web-development\\Works\\laravel -todo-api\\tests\\Feature\\TaskApiTest.php(19): Illuminate\\Foundation\\Testing\\TestCase->postJson()
#45 C:\\Web, Gulp and other\\web-development\\Works\\laravel -todo-api\\vendor\\phpunit\\phpunit\\src\\Framework\\TestCase.php(1617): Tests\\Feature\\TaskApiTest->test_user_can_create_task()
#46 C:\\Web, Gulp and other\\web-development\\Works\\laravel -todo-api\\vendor\\phpunit\\phpunit\\src\\Framework\\TestCase.php(1223): PHPUnit\\Framework\\TestCase->runTest()
#47 C:\\Web, Gulp and other\\web-development\\Works\\laravel -todo-api\\vendor\\phpunit\\phpunit\\src\\Framework\\TestResult.php(729): PHPUnit\\Framework\\TestCase->runBare()
#48 C:\\Web, Gulp and other\\web-development\\Works\\laravel -todo-api\\vendor\\phpunit\\phpunit\\src\\Framework\\TestCase.php(973): PHPUnit\\Framework\\TestResult->run()
#49 C:\\Web, Gulp and other\\web-development\\Works\\laravel -todo-api\\vendor\\phpunit\\phpunit\\src\\Framework\\TestSuite.php(685): PHPUnit\\Framework\\TestCase->run()
#50 C:\\Web, Gulp and other\\web-development\\Works\\laravel -todo-api\\vendor\\phpunit\\phpunit\\src\\Framework\\TestSuite.php(685): PHPUnit\\Framework\\TestSuite->run()
#51 C:\\Web, Gulp and other\\web-development\\Works\\laravel -todo-api\\vendor\\phpunit\\phpunit\\src\\Framework\\TestSuite.php(685): PHPUnit\\Framework\\TestSuite->run()
#52 C:\\Web, Gulp and other\\web-development\\Works\\laravel -todo-api\\vendor\\phpunit\\phpunit\\src\\TextUI\\TestRunner.php(651): PHPUnit\\Framework\\TestSuite->run()
#53 C:\\Web, Gulp and other\\web-development\\Works\\laravel -todo-api\\vendor\\phpunit\\phpunit\\src\\TextUI\\Command.php(146): PHPUnit\\TextUI\\TestRunner->run()
#54 C:\\Web, Gulp and other\\web-development\\Works\\laravel -todo-api\\vendor\\phpunit\\phpunit\\src\\TextUI\\Command.php(99): PHPUnit\\TextUI\\Command->run()
#55 C:\\Web, Gulp and other\\web-development\\Works\\laravel -todo-api\\vendor\\phpunit\\phpunit\\phpunit(107): PHPUnit\\TextUI\\Command::main()
#56 {main}

[previous exception] [object] (ReflectionException(code: -1): Class \"TaskController\" does not exist at C:\\Web, Gulp and other\\web-development\\Works\\laravel -todo-api\\vendor\\laravel\\framework\\src\\Illuminate\\Container\\Container.php:889)
[stacktrace]
#0 C:\\Web, Gulp and other\\web-development\\Works\\laravel -todo-api\\vendor\\laravel\\framework\\src\\Illuminate\\Container\\Container.php(889): ReflectionClass->__construct()
#1 C:\\Web, Gulp and other\\web-development\\Works\\laravel -todo-api\\vendor\\laravel\\framework\\src\\Illuminate\\Container\\Container.php(770): Illuminate\\Container\\Container->build()
#2 C:\\Web, Gulp and other\\web-development\\Works\\laravel -todo-api\\vendor\\laravel\\framework\\src\\Illuminate\\Foundation\\Application.php(881): Illuminate\\Container\\Container->resolve()
#3 C:\\Web, Gulp and other\\web-development\\Works\\laravel -todo-api\\vendor\\laravel\\framework\\src\\Illuminate\\Container\\Container.php(706): Illuminate\\Foundation\\Application->resolve()
#4 C:\\Web, Gulp and other\\web-development\\Works\\laravel -todo-api\\vendor\\laravel\\framework\\src\\Illuminate\\Foundation\\Application.php(866): Illuminate\\Container\\Container->make()
#5 C:\\Web, Gulp and other\\web-development\\Works\\laravel -todo-api\\vendor\\laravel\\framework\\src\\Illuminate\\Routing\\Route.php(274): Illuminate\\Foundation\\Application->make()
#6 C:\\Web, Gulp and other\\web-development\\Works\\laravel -todo-api\\vendor\\laravel\\framework\\src\\Illuminate\\Routing\\Route.php(260): Illuminate\\Routing\\Route->getController()
#7 C:\\Web, Gulp and other\\web-development\\Works\\laravel -todo-api\\vendor\\laravel\\framework\\src\\Illuminate\\Routing\\Route.php(205): Illuminate\\Routing\\Route->runController()
#8 C:\\Web, Gulp and other\\web-development\\Works\\laravel -todo-api\\vendor\\laravel\\framework\\src\\Illuminate\\Routing\\Router.php(798): Illuminate\\Routing\\Route->run()
#9 C:\\Web, Gulp and other\\web-development\\Works\\laravel -todo-api\\vendor\\laravel\\framework\\src\\Illuminate\\Pipeline\\Pipeline.php(141): Illuminate\\Routing\\Router->Illuminate\\Routing\\{closure}()
#10 C:\\Web, Gulp and other\\web-development\\Works\\laravel -todo-api\\vendor\\laravel\\framework\\src\\Illuminate\\Routing\\Middleware\\SubstituteBindings.php(50): Illuminate\\Pipeline\\Pipeline->Illuminate\\Pipeline\\{closure}()
#11 C:\\Web, Gulp and other\\web-development\\Works\\laravel -todo-api\\vendor\\laravel\\framework\\src\\Illuminate\\Pipeline\\Pipeline.php(180): Illuminate\\Routing\\Middleware\\SubstituteBindings->handle()
#12 C:\\Web, Gulp and other\\web-development\\Works\\laravel -todo-api\\vendor\\laravel\\framework\\src\\Illuminate\\Routing\\Middleware\\ThrottleRequests.php(126): Illuminate\\Pipeline\\Pipeline->Illuminate\\Pipeline\\{closure}()
#13 C:\\Web, Gulp and other\\web-development\\Works\\laravel -todo-api\\vendor\\laravel\\framework\\src\\Illuminate\\Routing\\Middleware\\ThrottleRequests.php(92): Illuminate\\Routing\\Middleware\\ThrottleRequests->handleRequest()
#14 C:\\Web, Gulp and other\\web-development\\Works\\laravel -todo-api\\vendor\\laravel\\framework\\src\\Illuminate\\Routing\\Middleware\\ThrottleRequests.php(54): Illuminate\\Routing\\Middleware\\ThrottleRequests->handleRequestUsingNamedLimiter()
#15 C:\\Web, Gulp and other\\web-development\\Works\\laravel -todo-api\\vendor\\laravel\\framework\\src\\Illuminate\\Pipeline\\Pipeline.php(180): Illuminate\\Routing\\Middleware\\ThrottleRequests->handle()
#16 C:\\Web, Gulp and other\\web-development\\Works\\laravel -todo-api\\vendor\\laravel\\framework\\src\\Illuminate\\Auth\\Middleware\\Authenticate.php(44): Illuminate\\Pipeline\\Pipeline->Illuminate\\Pipeline\\{closure}()
#17 C:\\Web, Gulp and other\\web-development\\Works\\laravel -todo-api\\vendor\\laravel\\framework\\src\\Illuminate\\Pipeline\\Pipeline.php(180): Illuminate\\Auth\\Middleware\\Authenticate->handle()
#18 C:\\Web, Gulp and other\\web-development\\Works\\laravel -todo-api\\vendor\\laravel\\framework\\src\\Illuminate\\Pipeline\\Pipeline.php(116): Illuminate\\Pipeline\\Pipeline->Illuminate\\Pipeline\\{closure}()
#19 C:\\Web, Gulp and other\\web-development\\Works\\laravel -todo-api\\vendor\\laravel\\framework\\src\\Illuminate\\Routing\\Router.php(797): Illuminate\\Pipeline\\Pipeline->then()
#20 C:\\Web, Gulp and other\\web-development\\Works\\laravel -todo-api\\vendor\\laravel\\framework\\src\\Illuminate\\Routing\\Router.php(776): Illuminate\\Routing\\Router->runRouteWithinStack()
#21 C:\\Web, Gulp and other\\web-development\\Works\\laravel -todo-api\\vendor\\laravel\\framework\\src\\Illuminate\\Routing\\Router.php(740): Illuminate\\Routing\\Router->runRoute()
#22 C:\\Web, Gulp and other\\web-development\\Works\\laravel -todo-api\\vendor\\laravel\\framework\\src\\Illuminate\\Routing\\Router.php(729): Illuminate\\Routing\\Router->dispatchToRoute()
#23 C:\\Web, Gulp and other\\web-development\\Works\\laravel -todo-api\\vendor\\laravel\\framework\\src\\Illuminate\\Foundation\\Http\\Kernel.php(190): Illuminate\\Routing\\Router->dispatch()
#24 C:\\Web, Gulp and other\\web-development\\Works\\laravel -todo-api\\vendor\\laravel\\framework\\src\\Illuminate\\Pipeline\\Pipeline.php(141): Illuminate\\Foundation\\Http\\Kernel->Illuminate\\Foundation\\Http\\{closure}()
#25 C:\\Web, Gulp and other\\web-development\\Works\\laravel -todo-api\\vendor\\laravel\\framework\\src\\Illuminate\\Foundation\\Http\\Middleware\\TransformsRequest.php(21): Illuminate\\Pipeline\\Pipeline->Illuminate\\Pipeline\\{closure}()
#26 C:\\Web, Gulp and other\\web-development\\Works\\laravel -todo-api\\vendor\\laravel\\framework\\src\\Illuminate\\Foundation\\Http\\Middleware\\ConvertEmptyStringsToNull.php(31): Illuminate\\Foundation\\Http\\Middleware\\TransformsRequest->handle()
#27 C:\\Web, Gulp and other\\web-development\\Works\\laravel -todo-api\\vendor\\laravel\\framework\\src\\Illuminate\\Pipeline\\Pipeline.php(180): Illuminate\\Foundation\\Http\\Middleware\\ConvertEmptyStringsToNull->handle()
#28 C:\\Web, Gulp and other\\web-development\\Works\\laravel -todo-api\\vendor\\laravel\\framework\\src\\Illuminate\\Foundation\\Http\\Middleware\\TransformsRequest.php(21): Illuminate\\Pipeline\\Pipeline->Illuminate\\Pipeline\\{closure}()
#29 C:\\Web, Gulp and other\\web-development\\Works\\laravel -todo-api\\vendor\\laravel\\framework\\src\\Illuminate\\Foundation\\Http\\Middleware\\TrimStrings.php(40): Illuminate\\Foundation\\Http\\Middleware\\TransformsRequest->handle()
#30 C:\\Web, Gulp and other\\web-development\\Works\\laravel -todo-api\\vendor\\laravel\\framework\\src\\Illuminate\\Pipeline\\Pipeline.php(180): Illuminate\\Foundation\\Http\\Middleware\\TrimStrings->handle()
#31 C:\\Web, Gulp and other\\web-development\\Works\\laravel -todo-api\\vendor\\laravel\\framework\\src\\Illuminate\\Foundation\\Http\\Middleware\\ValidatePostSize.php(27): Illuminate\\Pipeline\\Pipeline->Illuminate\\Pipeline\\{closure}()
#32 C:\\Web, Gulp and other\\web-development\\Works\\laravel -todo-api\\vendor\\laravel\\framework\\src\\Illuminate\\Pipeline\\Pipeline.php(180): Illuminate\\Foundation\\Http\\Middleware\\ValidatePostSize->handle()
#33 C:\\Web, Gulp and other\\web-development\\Works\\laravel -todo-api\\vendor\\laravel\\framework\\src\\Illuminate\\Foundation\\Http\\Middleware\\PreventRequestsDuringMaintenance.php(86): Illuminate\\Pipeline\\Pipeline->Illuminate\\Pipeline\\{closure}()
#34 C:\\Web, Gulp and other\\web-development\\Works\\laravel -todo-api\\vendor\\laravel\\framework\\src\\Illuminate\\Pipeline\\Pipeline.php(180): Illuminate\\Foundation\\Http\\Middleware\\PreventRequestsDuringMaintenance->handle()
#35 C:\\Web, Gulp and other\\web-development\\Works\\laravel -todo-api\\vendor\\fruitcake\\laravel-cors\\src\\HandleCors.php(52): Illuminate\\Pipeline\\Pipeline->Illuminate\\Pipeline\\{closure}()
#36 C:\\Web, Gulp and other\\web-development\\Works\\laravel -todo-api\\vendor\\laravel\\framework\\src\\Illuminate\\Pipeline\\Pipeline.php(180): Fruitcake\\Cors\\HandleCors->handle()
#37 C:\\Web, Gulp and other\\web-development\\Works\\laravel -todo-api\\vendor\\laravel\\framework\\src\\Illuminate\\Http\\Middleware\\TrustProxies.php(39): Illuminate\\Pipeline\\Pipeline->Illuminate\\Pipeline\\{closure}()
#38 C:\\Web, Gulp and other\\web-development\\Works\\laravel -todo-api\\vendor\\laravel\\framework\\src\\Illuminate\\Pipeline\\Pipeline.php(180): Illuminate\\Http\\Middleware\\TrustProxies->handle()
#39 C:\\Web, Gulp and other\\web-development\\Works\\laravel -todo-api\\vendor\\laravel\\framework\\src\\Illuminate\\Pipeline\\Pipeline.php(116): Illuminate\\Pipeline\\Pipeline->Illuminate\\Pipeline\\{closure}()
#40 C:\\Web, Gulp and other\\web-development\\Works\\laravel -todo-api\\vendor\\laravel\\framework\\src\\Illuminate\\Foundation\\Http\\Kernel.php(165): Illuminate\\Pipeline\\Pipeline->then()
#41 C:\\Web, Gulp and other\\web-development\\Works\\laravel -todo-api\\vendor\\laravel\\framework\\src\\Illuminate\\Foundation\\Http\\Kernel.php(134): Illuminate\\Foundation\\Http\\Kernel->sendRequestThroughRouter()
#42 C:\\Web, Gulp and other\\web-development\\Works\\laravel -todo-api\\vendor\\laravel\\framework\\src\\Illuminate\\Foundation\\Testing\\Concerns\\MakesHttpRequests.php(556): Illuminate\\Foundation\\Http\\Kernel->handle()
#43 C:\\Web, Gulp and other\\web-development\\Works\\laravel -todo-api\\vendor\\laravel\\framework\\src\\Illuminate\\Foundation\\Testing\\Concerns\\MakesHttpRequests.php(522): Illuminate\\Foundation\\Testing\\TestCase->call()
#44 C:\\Web, Gulp and other\\web-development\\Works\\laravel -todo-api\\vendor\\laravel\\framework\\src\\Illuminate\\Foundation\\Testing\\Concerns\\MakesHttpRequests.php(365): Illuminate\\Foundation\\Testing\\TestCase->json()
#45 C:\\Web, Gulp and other\\web-development\\Works\\laravel -todo-api\\tests\\Feature\\TaskApiTest.php(19): Illuminate\\Foundation\\Testing\\TestCase->postJson()
#46 C:\\Web, Gulp and other\\web-development\\Works\\laravel -todo-api\\vendor\\phpunit\\phpunit\\src\\Framework\\TestCase.php(1617): Tests\\Feature\\TaskApiTest->test_user_can_create_task()
#47 C:\\Web, Gulp and other\\web-development\\Works\\laravel -todo-api\\vendor\\phpunit\\phpunit\\src\\Framework\\TestCase.php(1223): PHPUnit\\Framework\\TestCase->runTest()
#48 C:\\Web, Gulp and other\\web-development\\Works\\laravel -todo-api\\vendor\\phpunit\\phpunit\\src\\Framework\\TestResult.php(729): PHPUnit\\Framework\\TestCase->runBare()
#49 C:\\Web, Gulp and other\\web-development\\Works\\laravel -todo-api\\vendor\\phpunit\\phpunit\\src\\Framework\\TestCase.php(973): PHPUnit\\Framework\\TestResult->run()
#50 C:\\Web, Gulp and other\\web-development\\Works\\laravel -todo-api\\vendor\\phpunit\\phpunit\\src\\Framework\\TestSuite.php(685): PHPUnit\\Framework\\TestCase->run()
#51 C:\\Web, Gulp and other\\web-development\\Works\\laravel -todo-api\\vendor\\phpunit\\phpunit\\src\\Framework\\TestSuite.php(685): PHPUnit\\Framework\\TestSuite->run()
#52 C:\\Web, Gulp and other\\web-development\\Works\\laravel -todo-api\\vendor\\phpunit\\phpunit\\src\\Framework\\TestSuite.php(685): PHPUnit\\Framework\\TestSuite->run()
#53 C:\\Web, Gulp and other\\web-development\\Works\\laravel -todo-api\\vendor\\phpunit\\phpunit\\src\\TextUI\\TestRunner.php(651): PHPUnit\\Framework\\TestSuite->run()
#54 C:\\Web, Gulp and other\\web-development\\Works\\laravel -todo-api\\vendor\\phpunit\\phpunit\\src\\TextUI\\Command.php(146): PHPUnit\\TextUI\\TestRunner->run()
#55 C:\\Web, Gulp and other\\web-development\\Works\\laravel -todo-api\\vendor\\phpunit\\phpunit\\src\\TextUI\\Command.php(99): PHPUnit\\TextUI\\Command->run()
#56 C:\\Web, Gulp and other\\web-development\\Works\\laravel -todo-api\\vendor\\phpunit\\phpunit\\phpunit(107): PHPUnit\\TextUI\\Command::main()
#57 {main}
"} 
[2025-05-30 10:14:06] testing.ERROR: Call to undefined method App\Models\User::tasks() {"userId":1,"exception":"[object] (BadMethodCallException(code: 0): Call to undefined method App\\Models\\User::tasks() at C:\\Web, Gulp and other\\web-development\\Works\\laravel -todo-api\\vendor\\laravel\\framework\\src\\Illuminate\\Support\\Traits\\ForwardsCalls.php:71)
[stacktrace]
#0 C:\\Web, Gulp and other\\web-development\\Works\\laravel -todo-api\\vendor\\laravel\\framework\\src\\Illuminate\\Support\\Traits\\ForwardsCalls.php(36): Illuminate\\Database\\Eloquent\\Model::throwBadMethodCallException()
#1 C:\\Web, Gulp and other\\web-development\\Works\\laravel -todo-api\\vendor\\laravel\\framework\\src\\Illuminate\\Database\\Eloquent\\Model.php(2330): Illuminate\\Database\\Eloquent\\Model->forwardCallTo()
#2 C:\\Web, Gulp and other\\web-development\\Works\\laravel -todo-api\\app\\Http\\Controllers\\Api\\TaskController.php(17): Illuminate\\Database\\Eloquent\\Model->__call()
#3 C:\\Web, Gulp and other\\web-development\\Works\\laravel -todo-api\\vendor\\laravel\\framework\\src\\Illuminate\\Routing\\Controller.php(54): App\\Http\\Controllers\\Api\\TaskController->store()
#4 C:\\Web, Gulp and other\\web-development\\Works\\laravel -todo-api\\vendor\\laravel\\framework\\src\\Illuminate\\Routing\\ControllerDispatcher.php(43): Illuminate\\Routing\\Controller->callAction()
#5 C:\\Web, Gulp and other\\web-development\\Works\\laravel -todo-api\\vendor\\laravel\\framework\\src\\Illuminate\\Routing\\Route.php(259): Illuminate\\Routing\\ControllerDispatcher->dispatch()
#6 C:\\Web, Gulp and other\\web-development\\Works\\laravel -todo-api\\vendor\\laravel\\framework\\src\\Illuminate\\Routing\\Route.php(205): Illuminate\\Routing\\Route->runController()
#7 C:\\Web, Gulp and other\\web-development\\Works\\laravel -todo-api\\vendor\\laravel\\framework\\src\\Illuminate\\Routing\\Router.php(798): Illuminate\\Routing\\Route->run()
#8 C:\\Web, Gulp and other\\web-development\\Works\\laravel -todo-api\\vendor\\laravel\\framework\\src\\Illuminate\\Pipeline\\Pipeline.php(141): Illuminate\\Routing\\Router->Illuminate\\Routing\\{closure}()
#9 C:\\Web, Gulp and other\\web-development\\Works\\laravel -todo-api\\vendor\\laravel\\framework\\src\\Illuminate\\Routing\\Middleware\\SubstituteBindings.php(50): Illuminate\\Pipeline\\Pipeline->Illuminate\\Pipeline\\{closure}()
#10 C:\\Web, Gulp and other\\web-development\\Works\\laravel -todo-api\\vendor\\laravel\\framework\\src\\Illuminate\\Pipeline\\Pipeline.php(180): Illuminate\\Routing\\Middleware\\SubstituteBindings->handle()
#11 C:\\Web, Gulp and other\\web-development\\Works\\laravel -todo-api\\vendor\\laravel\\framework\\src\\Illuminate\\Routing\\Middleware\\ThrottleRequests.php(126): Illuminate\\Pipeline\\Pipeline->Illuminate\\Pipeline\\{closure}()
#12 C:\\Web, Gulp and other\\web-development\\Works\\laravel -todo-api\\vendor\\laravel\\framework\\src\\Illuminate\\Routing\\Middleware\\ThrottleRequests.php(92): Illuminate\\Routing\\Middleware\\ThrottleRequests->handleRequest()
#13 C:\\Web, Gulp and other\\web-development\\Works\\laravel -todo-api\\vendor\\laravel\\framework\\src\\Illuminate\\Routing\\Middleware\\ThrottleRequests.php(54): Illuminate\\Routing\\Middleware\\ThrottleRequests->handleRequestUsingNamedLimiter()
#14 C:\\Web, Gulp and other\\web-development\\Works\\laravel -todo-api\\vendor\\laravel\\framework\\src\\Illuminate\\Pipeline\\Pipeline.php(180): Illuminate\\Routing\\Middleware\\ThrottleRequests->handle()
#15 C:\\Web, Gulp and other\\web-development\\Works\\laravel -todo-api\\vendor\\laravel\\framework\\src\\Illuminate\\Auth\\Middleware\\Authenticate.php(44): Illuminate\\Pipeline\\Pipeline->Illuminate\\Pipeline\\{closure}()
#16 C:\\Web, Gulp and other\\web-development\\Works\\laravel -todo-api\\vendor\\laravel\\framework\\src\\Illuminate\\Pipeline\\Pipeline.php(180): Illuminate\\Auth\\Middleware\\Authenticate->handle()
#17 C:\\Web, Gulp and other\\web-development\\Works\\laravel -todo-api\\vendor\\laravel\\framework\\src\\Illuminate\\Pipeline\\Pipeline.php(116): Illuminate\\Pipeline\\Pipeline->Illuminate\\Pipeline\\{closure}()
#18 C:\\Web, Gulp and other\\web-development\\Works\\laravel -todo-api\\vendor\\laravel\\framework\\src\\Illuminate\\Routing\\Router.php(797): Illuminate\\Pipeline\\Pipeline->then()
#19 C:\\Web, Gulp and other\\web-development\\Works\\laravel -todo-api\\vendor\\laravel\\framework\\src\\Illuminate\\Routing\\Router.php(776): Illuminate\\Routing\\Router->runRouteWithinStack()
#20 C:\\Web, Gulp and other\\web-development\\Works\\laravel -todo-api\\vendor\\laravel\\framework\\src\\Illuminate\\Routing\\Router.php(740): Illuminate\\Routing\\Router->runRoute()
#21 C:\\Web, Gulp and other\\web-development\\Works\\laravel -todo-api\\vendor\\laravel\\framework\\src\\Illuminate\\Routing\\Router.php(729): Illuminate\\Routing\\Router->dispatchToRoute()
#22 C:\\Web, Gulp and other\\web-development\\Works\\laravel -todo-api\\vendor\\laravel\\framework\\src\\Illuminate\\Foundation\\Http\\Kernel.php(190): Illuminate\\Routing\\Router->dispatch()
#23 C:\\Web, Gulp and other\\web-development\\Works\\laravel -todo-api\\vendor\\laravel\\framework\\src\\Illuminate\\Pipeline\\Pipeline.php(141): Illuminate\\Foundation\\Http\\Kernel->Illuminate\\Foundation\\Http\\{closure}()
#24 C:\\Web, Gulp and other\\web-development\\Works\\laravel -todo-api\\vendor\\laravel\\framework\\src\\Illuminate\\Foundation\\Http\\Middleware\\TransformsRequest.php(21): Illuminate\\Pipeline\\Pipeline->Illuminate\\Pipeline\\{closure}()
#25 C:\\Web, Gulp and other\\web-development\\Works\\laravel -todo-api\\vendor\\laravel\\framework\\src\\Illuminate\\Foundation\\Http\\Middleware\\ConvertEmptyStringsToNull.php(31): Illuminate\\Foundation\\Http\\Middleware\\TransformsRequest->handle()
#26 C:\\Web, Gulp and other\\web-development\\Works\\laravel -todo-api\\vendor\\laravel\\framework\\src\\Illuminate\\Pipeline\\Pipeline.php(180): Illuminate\\Foundation\\Http\\Middleware\\ConvertEmptyStringsToNull->handle()
#27 C:\\Web, Gulp and other\\web-development\\Works\\laravel -todo-api\\vendor\\laravel\\framework\\src\\Illuminate\\Foundation\\Http\\Middleware\\TransformsRequest.php(21): Illuminate\\Pipeline\\Pipeline->Illuminate\\Pipeline\\{closure}()
#28 C:\\Web, Gulp and other\\web-development\\Works\\laravel -todo-api\\vendor\\laravel\\framework\\src\\Illuminate\\Foundation\\Http\\Middleware\\TrimStrings.php(40): Illuminate\\Foundation\\Http\\Middleware\\TransformsRequest->handle()
#29 C:\\Web, Gulp and other\\web-development\\Works\\laravel -todo-api\\vendor\\laravel\\framework\\src\\Illuminate\\Pipeline\\Pipeline.php(180): Illuminate\\Foundation\\Http\\Middleware\\TrimStrings->handle()
#30 C:\\Web, Gulp and other\\web-development\\Works\\laravel -todo-api\\vendor\\laravel\\framework\\src\\Illuminate\\Foundation\\Http\\Middleware\\ValidatePostSize.php(27): Illuminate\\Pipeline\\Pipeline->Illuminate\\Pipeline\\{closure}()
#31 C:\\Web, Gulp and other\\web-development\\Works\\laravel -todo-api\\vendor\\laravel\\framework\\src\\Illuminate\\Pipeline\\Pipeline.php(180): Illuminate\\Foundation\\Http\\Middleware\\ValidatePostSize->handle()
#32 C:\\Web, Gulp and other\\web-development\\Works\\laravel -todo-api\\vendor\\laravel\\framework\\src\\Illuminate\\Foundation\\Http\\Middleware\\PreventRequestsDuringMaintenance.php(86): Illuminate\\Pipeline\\Pipeline->Illuminate\\Pipeline\\{closure}()
#33 C:\\Web, Gulp and other\\web-development\\Works\\laravel -todo-api\\vendor\\laravel\\framework\\src\\Illuminate\\Pipeline\\Pipeline.php(180): Illuminate\\Foundation\\Http\\Middleware\\PreventRequestsDuringMaintenance->handle()
#34 C:\\Web, Gulp and other\\web-development\\Works\\laravel -todo-api\\vendor\\fruitcake\\laravel-cors\\src\\HandleCors.php(52): Illuminate\\Pipeline\\Pipeline->Illuminate\\Pipeline\\{closure}()
#35 C:\\Web, Gulp and other\\web-development\\Works\\laravel -todo-api\\vendor\\laravel\\framework\\src\\Illuminate\\Pipeline\\Pipeline.php(180): Fruitcake\\Cors\\HandleCors->handle()
#36 C:\\Web, Gulp and other\\web-development\\Works\\laravel -todo-api\\vendor\\laravel\\framework\\src\\Illuminate\\Http\\Middleware\\TrustProxies.php(39): Illuminate\\Pipeline\\Pipeline->Illuminate\\Pipeline\\{closure}()
#37 C:\\Web, Gulp and other\\web-development\\Works\\laravel -todo-api\\vendor\\laravel\\framework\\src\\Illuminate\\Pipeline\\Pipeline.php(180): Illuminate\\Http\\Middleware\\TrustProxies->handle()
#38 C:\\Web, Gulp and other\\web-development\\Works\\laravel -todo-api\\vendor\\laravel\\framework\\src\\Illuminate\\Pipeline\\Pipeline.php(116): Illuminate\\Pipeline\\Pipeline->Illuminate\\Pipeline\\{closure}()
#39 C:\\Web, Gulp and other\\web-development\\Works\\laravel -todo-api\\vendor\\laravel\\framework\\src\\Illuminate\\Foundation\\Http\\Kernel.php(165): Illuminate\\Pipeline\\Pipeline->then()
#40 C:\\Web, Gulp and other\\web-development\\Works\\laravel -todo-api\\vendor\\laravel\\framework\\src\\Illuminate\\Foundation\\Http\\Kernel.php(134): Illuminate\\Foundation\\Http\\Kernel->sendRequestThroughRouter()
#41 C:\\Web, Gulp and other\\web-development\\Works\\laravel -todo-api\\vendor\\laravel\\framework\\src\\Illuminate\\Foundation\\Testing\\Concerns\\MakesHttpRequests.php(556): Illuminate\\Foundation\\Http\\Kernel->handle()
#42 C:\\Web, Gulp and other\\web-development\\Works\\laravel -todo-api\\vendor\\laravel\\framework\\src\\Illuminate\\Foundation\\Testing\\Concerns\\MakesHttpRequests.php(522): Illuminate\\Foundation\\Testing\\TestCase->call()
#43 C:\\Web, Gulp and other\\web-development\\Works\\laravel -todo-api\\vendor\\laravel\\framework\\src\\Illuminate\\Foundation\\Testing\\Concerns\\MakesHttpRequests.php(365): Illuminate\\Foundation\\Testing\\TestCase->json()
#44 C:\\Web, Gulp and other\\web-development\\Works\\laravel -todo-api\\tests\\Feature\\TaskApiTest.php(19): Illuminate\\Foundation\\Testing\\TestCase->postJson()
#45 C:\\Web, Gulp and other\\web-development\\Works\\laravel -todo-api\\vendor\\phpunit\\phpunit\\src\\Framework\\TestCase.php(1617): Tests\\Feature\\TaskApiTest->test_user_can_create_task()
#46 C:\\Web, Gulp and other\\web-development\\Works\\laravel -todo-api\\vendor\\phpunit\\phpunit\\src\\Framework\\TestCase.php(1223): PHPUnit\\Framework\\TestCase->runTest()
#47 C:\\Web, Gulp and other\\web-development\\Works\\laravel -todo-api\\vendor\\phpunit\\phpunit\\src\\Framework\\TestResult.php(729): PHPUnit\\Framework\\TestCase->runBare()
#48 C:\\Web, Gulp and other\\web-development\\Works\\laravel -todo-api\\vendor\\phpunit\\phpunit\\src\\Framework\\TestCase.php(973): PHPUnit\\Framework\\TestResult->run()
#49 C:\\Web, Gulp and other\\web-development\\Works\\laravel -todo-api\\vendor\\phpunit\\phpunit\\src\\Framework\\TestSuite.php(685): PHPUnit\\Framework\\TestCase->run()
#50 C:\\Web, Gulp and other\\web-development\\Works\\laravel -todo-api\\vendor\\phpunit\\phpunit\\src\\Framework\\TestSuite.php(685): PHPUnit\\Framework\\TestSuite->run()
#51 C:\\Web, Gulp and other\\web-development\\Works\\laravel -todo-api\\vendor\\phpunit\\phpunit\\src\\Framework\\TestSuite.php(685): PHPUnit\\Framework\\TestSuite->run()
#52 C:\\Web, Gulp and other\\web-development\\Works\\laravel -todo-api\\vendor\\phpunit\\phpunit\\src\\TextUI\\TestRunner.php(651): PHPUnit\\Framework\\TestSuite->run()
#53 C:\\Web, Gulp and other\\web-development\\Works\\laravel -todo-api\\vendor\\phpunit\\phpunit\\src\\TextUI\\Command.php(146): PHPUnit\\TextUI\\TestRunner->run()
#54 C:\\Web, Gulp and other\\web-development\\Works\\laravel -todo-api\\vendor\\phpunit\\phpunit\\src\\TextUI\\Command.php(99): PHPUnit\\TextUI\\Command->run()
#55 C:\\Web, Gulp and other\\web-development\\Works\\laravel -todo-api\\vendor\\phpunit\\phpunit\\phpunit(107): PHPUnit\\TextUI\\Command::main()
#56 {main}
"} 
[2025-05-30 10:15:35] testing.ERROR: Call to undefined method App\Models\User::tasks() {"userId":1,"exception":"[object] (BadMethodCallException(code: 0): Call to undefined method App\\Models\\User::tasks() at C:\\Web, Gulp and other\\web-development\\Works\\laravel -todo-api\\vendor\\laravel\\framework\\src\\Illuminate\\Support\\Traits\\ForwardsCalls.php:71)
[stacktrace]
#0 C:\\Web, Gulp and other\\web-development\\Works\\laravel -todo-api\\vendor\\laravel\\framework\\src\\Illuminate\\Support\\Traits\\ForwardsCalls.php(36): Illuminate\\Database\\Eloquent\\Model::throwBadMethodCallException()
#1 C:\\Web, Gulp and other\\web-development\\Works\\laravel -todo-api\\vendor\\laravel\\framework\\src\\Illuminate\\Database\\Eloquent\\Model.php(2330): Illuminate\\Database\\Eloquent\\Model->forwardCallTo()
#2 C:\\Web, Gulp and other\\web-development\\Works\\laravel -todo-api\\app\\Http\\Controllers\\Api\\TaskController.php(18): Illuminate\\Database\\Eloquent\\Model->__call()
#3 C:\\Web, Gulp and other\\web-development\\Works\\laravel -todo-api\\vendor\\laravel\\framework\\src\\Illuminate\\Routing\\Controller.php(54): App\\Http\\Controllers\\Api\\TaskController->store()
#4 C:\\Web, Gulp and other\\web-development\\Works\\laravel -todo-api\\vendor\\laravel\\framework\\src\\Illuminate\\Routing\\ControllerDispatcher.php(43): Illuminate\\Routing\\Controller->callAction()
#5 C:\\Web, Gulp and other\\web-development\\Works\\laravel -todo-api\\vendor\\laravel\\framework\\src\\Illuminate\\Routing\\Route.php(259): Illuminate\\Routing\\ControllerDispatcher->dispatch()
#6 C:\\Web, Gulp and other\\web-development\\Works\\laravel -todo-api\\vendor\\laravel\\framework\\src\\Illuminate\\Routing\\Route.php(205): Illuminate\\Routing\\Route->runController()
#7 C:\\Web, Gulp and other\\web-development\\Works\\laravel -todo-api\\vendor\\laravel\\framework\\src\\Illuminate\\Routing\\Router.php(798): Illuminate\\Routing\\Route->run()
#8 C:\\Web, Gulp and other\\web-development\\Works\\laravel -todo-api\\vendor\\laravel\\framework\\src\\Illuminate\\Pipeline\\Pipeline.php(141): Illuminate\\Routing\\Router->Illuminate\\Routing\\{closure}()
#9 C:\\Web, Gulp and other\\web-development\\Works\\laravel -todo-api\\vendor\\laravel\\framework\\src\\Illuminate\\Routing\\Middleware\\SubstituteBindings.php(50): Illuminate\\Pipeline\\Pipeline->Illuminate\\Pipeline\\{closure}()
#10 C:\\Web, Gulp and other\\web-development\\Works\\laravel -todo-api\\vendor\\laravel\\framework\\src\\Illuminate\\Pipeline\\Pipeline.php(180): Illuminate\\Routing\\Middleware\\SubstituteBindings->handle()
#11 C:\\Web, Gulp and other\\web-development\\Works\\laravel -todo-api\\vendor\\laravel\\framework\\src\\Illuminate\\Routing\\Middleware\\ThrottleRequests.php(126): Illuminate\\Pipeline\\Pipeline->Illuminate\\Pipeline\\{closure}()
#12 C:\\Web, Gulp and other\\web-development\\Works\\laravel -todo-api\\vendor\\laravel\\framework\\src\\Illuminate\\Routing\\Middleware\\ThrottleRequests.php(92): Illuminate\\Routing\\Middleware\\ThrottleRequests->handleRequest()
#13 C:\\Web, Gulp and other\\web-development\\Works\\laravel -todo-api\\vendor\\laravel\\framework\\src\\Illuminate\\Routing\\Middleware\\ThrottleRequests.php(54): Illuminate\\Routing\\Middleware\\ThrottleRequests->handleRequestUsingNamedLimiter()
#14 C:\\Web, Gulp and other\\web-development\\Works\\laravel -todo-api\\vendor\\laravel\\framework\\src\\Illuminate\\Pipeline\\Pipeline.php(180): Illuminate\\Routing\\Middleware\\ThrottleRequests->handle()
#15 C:\\Web, Gulp and other\\web-development\\Works\\laravel -todo-api\\vendor\\laravel\\framework\\src\\Illuminate\\Auth\\Middleware\\Authenticate.php(44): Illuminate\\Pipeline\\Pipeline->Illuminate\\Pipeline\\{closure}()
#16 C:\\Web, Gulp and other\\web-development\\Works\\laravel -todo-api\\vendor\\laravel\\framework\\src\\Illuminate\\Pipeline\\Pipeline.php(180): Illuminate\\Auth\\Middleware\\Authenticate->handle()
#17 C:\\Web, Gulp and other\\web-development\\Works\\laravel -todo-api\\vendor\\laravel\\framework\\src\\Illuminate\\Pipeline\\Pipeline.php(116): Illuminate\\Pipeline\\Pipeline->Illuminate\\Pipeline\\{closure}()
#18 C:\\Web, Gulp and other\\web-development\\Works\\laravel -todo-api\\vendor\\laravel\\framework\\src\\Illuminate\\Routing\\Router.php(797): Illuminate\\Pipeline\\Pipeline->then()
#19 C:\\Web, Gulp and other\\web-development\\Works\\laravel -todo-api\\vendor\\laravel\\framework\\src\\Illuminate\\Routing\\Router.php(776): Illuminate\\Routing\\Router->runRouteWithinStack()
#20 C:\\Web, Gulp and other\\web-development\\Works\\laravel -todo-api\\vendor\\laravel\\framework\\src\\Illuminate\\Routing\\Router.php(740): Illuminate\\Routing\\Router->runRoute()
#21 C:\\Web, Gulp and other\\web-development\\Works\\laravel -todo-api\\vendor\\laravel\\framework\\src\\Illuminate\\Routing\\Router.php(729): Illuminate\\Routing\\Router->dispatchToRoute()
#22 C:\\Web, Gulp and other\\web-development\\Works\\laravel -todo-api\\vendor\\laravel\\framework\\src\\Illuminate\\Foundation\\Http\\Kernel.php(190): Illuminate\\Routing\\Router->dispatch()
#23 C:\\Web, Gulp and other\\web-development\\Works\\laravel -todo-api\\vendor\\laravel\\framework\\src\\Illuminate\\Pipeline\\Pipeline.php(141): Illuminate\\Foundation\\Http\\Kernel->Illuminate\\Foundation\\Http\\{closure}()
#24 C:\\Web, Gulp and other\\web-development\\Works\\laravel -todo-api\\vendor\\laravel\\framework\\src\\Illuminate\\Foundation\\Http\\Middleware\\TransformsRequest.php(21): Illuminate\\Pipeline\\Pipeline->Illuminate\\Pipeline\\{closure}()
#25 C:\\Web, Gulp and other\\web-development\\Works\\laravel -todo-api\\vendor\\laravel\\framework\\src\\Illuminate\\Foundation\\Http\\Middleware\\ConvertEmptyStringsToNull.php(31): Illuminate\\Foundation\\Http\\Middleware\\TransformsRequest->handle()
#26 C:\\Web, Gulp and other\\web-development\\Works\\laravel -todo-api\\vendor\\laravel\\framework\\src\\Illuminate\\Pipeline\\Pipeline.php(180): Illuminate\\Foundation\\Http\\Middleware\\ConvertEmptyStringsToNull->handle()
#27 C:\\Web, Gulp and other\\web-development\\Works\\laravel -todo-api\\vendor\\laravel\\framework\\src\\Illuminate\\Foundation\\Http\\Middleware\\TransformsRequest.php(21): Illuminate\\Pipeline\\Pipeline->Illuminate\\Pipeline\\{closure}()
#28 C:\\Web, Gulp and other\\web-development\\Works\\laravel -todo-api\\vendor\\laravel\\framework\\src\\Illuminate\\Foundation\\Http\\Middleware\\TrimStrings.php(40): Illuminate\\Foundation\\Http\\Middleware\\TransformsRequest->handle()
#29 C:\\Web, Gulp and other\\web-development\\Works\\laravel -todo-api\\vendor\\laravel\\framework\\src\\Illuminate\\Pipeline\\Pipeline.php(180): Illuminate\\Foundation\\Http\\Middleware\\TrimStrings->handle()
#30 C:\\Web, Gulp and other\\web-development\\Works\\laravel -todo-api\\vendor\\laravel\\framework\\src\\Illuminate\\Foundation\\Http\\Middleware\\ValidatePostSize.php(27): Illuminate\\Pipeline\\Pipeline->Illuminate\\Pipeline\\{closure}()
#31 C:\\Web, Gulp and other\\web-development\\Works\\laravel -todo-api\\vendor\\laravel\\framework\\src\\Illuminate\\Pipeline\\Pipeline.php(180): Illuminate\\Foundation\\Http\\Middleware\\ValidatePostSize->handle()
#32 C:\\Web, Gulp and other\\web-development\\Works\\laravel -todo-api\\vendor\\laravel\\framework\\src\\Illuminate\\Foundation\\Http\\Middleware\\PreventRequestsDuringMaintenance.php(86): Illuminate\\Pipeline\\Pipeline->Illuminate\\Pipeline\\{closure}()
#33 C:\\Web, Gulp and other\\web-development\\Works\\laravel -todo-api\\vendor\\laravel\\framework\\src\\Illuminate\\Pipeline\\Pipeline.php(180): Illuminate\\Foundation\\Http\\Middleware\\PreventRequestsDuringMaintenance->handle()
#34 C:\\Web, Gulp and other\\web-development\\Works\\laravel -todo-api\\vendor\\fruitcake\\laravel-cors\\src\\HandleCors.php(52): Illuminate\\Pipeline\\Pipeline->Illuminate\\Pipeline\\{closure}()
#35 C:\\Web, Gulp and other\\web-development\\Works\\laravel -todo-api\\vendor\\laravel\\framework\\src\\Illuminate\\Pipeline\\Pipeline.php(180): Fruitcake\\Cors\\HandleCors->handle()
#36 C:\\Web, Gulp and other\\web-development\\Works\\laravel -todo-api\\vendor\\laravel\\framework\\src\\Illuminate\\Http\\Middleware\\TrustProxies.php(39): Illuminate\\Pipeline\\Pipeline->Illuminate\\Pipeline\\{closure}()
#37 C:\\Web, Gulp and other\\web-development\\Works\\laravel -todo-api\\vendor\\laravel\\framework\\src\\Illuminate\\Pipeline\\Pipeline.php(180): Illuminate\\Http\\Middleware\\TrustProxies->handle()
#38 C:\\Web, Gulp and other\\web-development\\Works\\laravel -todo-api\\vendor\\laravel\\framework\\src\\Illuminate\\Pipeline\\Pipeline.php(116): Illuminate\\Pipeline\\Pipeline->Illuminate\\Pipeline\\{closure}()
#39 C:\\Web, Gulp and other\\web-development\\Works\\laravel -todo-api\\vendor\\laravel\\framework\\src\\Illuminate\\Foundation\\Http\\Kernel.php(165): Illuminate\\Pipeline\\Pipeline->then()
#40 C:\\Web, Gulp and other\\web-development\\Works\\laravel -todo-api\\vendor\\laravel\\framework\\src\\Illuminate\\Foundation\\Http\\Kernel.php(134): Illuminate\\Foundation\\Http\\Kernel->sendRequestThroughRouter()
#41 C:\\Web, Gulp and other\\web-development\\Works\\laravel -todo-api\\vendor\\laravel\\framework\\src\\Illuminate\\Foundation\\Testing\\Concerns\\MakesHttpRequests.php(556): Illuminate\\Foundation\\Http\\Kernel->handle()
#42 C:\\Web, Gulp and other\\web-development\\Works\\laravel -todo-api\\vendor\\laravel\\framework\\src\\Illuminate\\Foundation\\Testing\\Concerns\\MakesHttpRequests.php(522): Illuminate\\Foundation\\Testing\\TestCase->call()
#43 C:\\Web, Gulp and other\\web-development\\Works\\laravel -todo-api\\vendor\\laravel\\framework\\src\\Illuminate\\Foundation\\Testing\\Concerns\\MakesHttpRequests.php(365): Illuminate\\Foundation\\Testing\\TestCase->json()
#44 C:\\Web, Gulp and other\\web-development\\Works\\laravel -todo-api\\tests\\Feature\\TaskApiTest.php(19): Illuminate\\Foundation\\Testing\\TestCase->postJson()
#45 C:\\Web, Gulp and other\\web-development\\Works\\laravel -todo-api\\vendor\\phpunit\\phpunit\\src\\Framework\\TestCase.php(1617): Tests\\Feature\\TaskApiTest->test_user_can_create_task()
#46 C:\\Web, Gulp and other\\web-development\\Works\\laravel -todo-api\\vendor\\phpunit\\phpunit\\src\\Framework\\TestCase.php(1223): PHPUnit\\Framework\\TestCase->runTest()
#47 C:\\Web, Gulp and other\\web-development\\Works\\laravel -todo-api\\vendor\\phpunit\\phpunit\\src\\Framework\\TestResult.php(729): PHPUnit\\Framework\\TestCase->runBare()
#48 C:\\Web, Gulp and other\\web-development\\Works\\laravel -todo-api\\vendor\\phpunit\\phpunit\\src\\Framework\\TestCase.php(973): PHPUnit\\Framework\\TestResult->run()
#49 C:\\Web, Gulp and other\\web-development\\Works\\laravel -todo-api\\vendor\\phpunit\\phpunit\\src\\Framework\\TestSuite.php(685): PHPUnit\\Framework\\TestCase->run()
#50 C:\\Web, Gulp and other\\web-development\\Works\\laravel -todo-api\\vendor\\phpunit\\phpunit\\src\\Framework\\TestSuite.php(685): PHPUnit\\Framework\\TestSuite->run()
#51 C:\\Web, Gulp and other\\web-development\\Works\\laravel -todo-api\\vendor\\phpunit\\phpunit\\src\\Framework\\TestSuite.php(685): PHPUnit\\Framework\\TestSuite->run()
#52 C:\\Web, Gulp and other\\web-development\\Works\\laravel -todo-api\\vendor\\phpunit\\phpunit\\src\\TextUI\\TestRunner.php(651): PHPUnit\\Framework\\TestSuite->run()
#53 C:\\Web, Gulp and other\\web-development\\Works\\laravel -todo-api\\vendor\\phpunit\\phpunit\\src\\TextUI\\Command.php(146): PHPUnit\\TextUI\\TestRunner->run()
#54 C:\\Web, Gulp and other\\web-development\\Works\\laravel -todo-api\\vendor\\phpunit\\phpunit\\src\\TextUI\\Command.php(99): PHPUnit\\TextUI\\Command->run()
#55 C:\\Web, Gulp and other\\web-development\\Works\\laravel -todo-api\\vendor\\phpunit\\phpunit\\phpunit(107): PHPUnit\\TextUI\\Command::main()
#56 {main}
"} 
[2025-05-30 10:17:45] testing.ERROR: Call to undefined method App\Models\User::tasks() {"userId":1,"exception":"[object] (BadMethodCallException(code: 0): Call to undefined method App\\Models\\User::tasks() at C:\\Web, Gulp and other\\web-development\\Works\\laravel -todo-api\\vendor\\laravel\\framework\\src\\Illuminate\\Support\\Traits\\ForwardsCalls.php:71)
[stacktrace]
#0 C:\\Web, Gulp and other\\web-development\\Works\\laravel -todo-api\\vendor\\laravel\\framework\\src\\Illuminate\\Support\\Traits\\ForwardsCalls.php(36): Illuminate\\Database\\Eloquent\\Model::throwBadMethodCallException()
#1 C:\\Web, Gulp and other\\web-development\\Works\\laravel -todo-api\\vendor\\laravel\\framework\\src\\Illuminate\\Database\\Eloquent\\Model.php(2330): Illuminate\\Database\\Eloquent\\Model->forwardCallTo()
#2 C:\\Web, Gulp and other\\web-development\\Works\\laravel -todo-api\\app\\Http\\Controllers\\Api\\TaskController.php(18): Illuminate\\Database\\Eloquent\\Model->__call()
#3 C:\\Web, Gulp and other\\web-development\\Works\\laravel -todo-api\\vendor\\laravel\\framework\\src\\Illuminate\\Routing\\Controller.php(54): App\\Http\\Controllers\\Api\\TaskController->store()
#4 C:\\Web, Gulp and other\\web-development\\Works\\laravel -todo-api\\vendor\\laravel\\framework\\src\\Illuminate\\Routing\\ControllerDispatcher.php(43): Illuminate\\Routing\\Controller->callAction()
#5 C:\\Web, Gulp and other\\web-development\\Works\\laravel -todo-api\\vendor\\laravel\\framework\\src\\Illuminate\\Routing\\Route.php(259): Illuminate\\Routing\\ControllerDispatcher->dispatch()
#6 C:\\Web, Gulp and other\\web-development\\Works\\laravel -todo-api\\vendor\\laravel\\framework\\src\\Illuminate\\Routing\\Route.php(205): Illuminate\\Routing\\Route->runController()
#7 C:\\Web, Gulp and other\\web-development\\Works\\laravel -todo-api\\vendor\\laravel\\framework\\src\\Illuminate\\Routing\\Router.php(798): Illuminate\\Routing\\Route->run()
#8 C:\\Web, Gulp and other\\web-development\\Works\\laravel -todo-api\\vendor\\laravel\\framework\\src\\Illuminate\\Pipeline\\Pipeline.php(141): Illuminate\\Routing\\Router->Illuminate\\Routing\\{closure}()
#9 C:\\Web, Gulp and other\\web-development\\Works\\laravel -todo-api\\vendor\\laravel\\framework\\src\\Illuminate\\Routing\\Middleware\\SubstituteBindings.php(50): Illuminate\\Pipeline\\Pipeline->Illuminate\\Pipeline\\{closure}()
#10 C:\\Web, Gulp and other\\web-development\\Works\\laravel -todo-api\\vendor\\laravel\\framework\\src\\Illuminate\\Pipeline\\Pipeline.php(180): Illuminate\\Routing\\Middleware\\SubstituteBindings->handle()
#11 C:\\Web, Gulp and other\\web-development\\Works\\laravel -todo-api\\vendor\\laravel\\framework\\src\\Illuminate\\Routing\\Middleware\\ThrottleRequests.php(126): Illuminate\\Pipeline\\Pipeline->Illuminate\\Pipeline\\{closure}()
#12 C:\\Web, Gulp and other\\web-development\\Works\\laravel -todo-api\\vendor\\laravel\\framework\\src\\Illuminate\\Routing\\Middleware\\ThrottleRequests.php(92): Illuminate\\Routing\\Middleware\\ThrottleRequests->handleRequest()
#13 C:\\Web, Gulp and other\\web-development\\Works\\laravel -todo-api\\vendor\\laravel\\framework\\src\\Illuminate\\Routing\\Middleware\\ThrottleRequests.php(54): Illuminate\\Routing\\Middleware\\ThrottleRequests->handleRequestUsingNamedLimiter()
#14 C:\\Web, Gulp and other\\web-development\\Works\\laravel -todo-api\\vendor\\laravel\\framework\\src\\Illuminate\\Pipeline\\Pipeline.php(180): Illuminate\\Routing\\Middleware\\ThrottleRequests->handle()
#15 C:\\Web, Gulp and other\\web-development\\Works\\laravel -todo-api\\vendor\\laravel\\framework\\src\\Illuminate\\Auth\\Middleware\\Authenticate.php(44): Illuminate\\Pipeline\\Pipeline->Illuminate\\Pipeline\\{closure}()
#16 C:\\Web, Gulp and other\\web-development\\Works\\laravel -todo-api\\vendor\\laravel\\framework\\src\\Illuminate\\Pipeline\\Pipeline.php(180): Illuminate\\Auth\\Middleware\\Authenticate->handle()
#17 C:\\Web, Gulp and other\\web-development\\Works\\laravel -todo-api\\vendor\\laravel\\framework\\src\\Illuminate\\Pipeline\\Pipeline.php(116): Illuminate\\Pipeline\\Pipeline->Illuminate\\Pipeline\\{closure}()
#18 C:\\Web, Gulp and other\\web-development\\Works\\laravel -todo-api\\vendor\\laravel\\framework\\src\\Illuminate\\Routing\\Router.php(797): Illuminate\\Pipeline\\Pipeline->then()
#19 C:\\Web, Gulp and other\\web-development\\Works\\laravel -todo-api\\vendor\\laravel\\framework\\src\\Illuminate\\Routing\\Router.php(776): Illuminate\\Routing\\Router->runRouteWithinStack()
#20 C:\\Web, Gulp and other\\web-development\\Works\\laravel -todo-api\\vendor\\laravel\\framework\\src\\Illuminate\\Routing\\Router.php(740): Illuminate\\Routing\\Router->runRoute()
#21 C:\\Web, Gulp and other\\web-development\\Works\\laravel -todo-api\\vendor\\laravel\\framework\\src\\Illuminate\\Routing\\Router.php(729): Illuminate\\Routing\\Router->dispatchToRoute()
#22 C:\\Web, Gulp and other\\web-development\\Works\\laravel -todo-api\\vendor\\laravel\\framework\\src\\Illuminate\\Foundation\\Http\\Kernel.php(190): Illuminate\\Routing\\Router->dispatch()
#23 C:\\Web, Gulp and other\\web-development\\Works\\laravel -todo-api\\vendor\\laravel\\framework\\src\\Illuminate\\Pipeline\\Pipeline.php(141): Illuminate\\Foundation\\Http\\Kernel->Illuminate\\Foundation\\Http\\{closure}()
#24 C:\\Web, Gulp and other\\web-development\\Works\\laravel -todo-api\\vendor\\laravel\\framework\\src\\Illuminate\\Foundation\\Http\\Middleware\\TransformsRequest.php(21): Illuminate\\Pipeline\\Pipeline->Illuminate\\Pipeline\\{closure}()
#25 C:\\Web, Gulp and other\\web-development\\Works\\laravel -todo-api\\vendor\\laravel\\framework\\src\\Illuminate\\Foundation\\Http\\Middleware\\ConvertEmptyStringsToNull.php(31): Illuminate\\Foundation\\Http\\Middleware\\TransformsRequest->handle()
#26 C:\\Web, Gulp and other\\web-development\\Works\\laravel -todo-api\\vendor\\laravel\\framework\\src\\Illuminate\\Pipeline\\Pipeline.php(180): Illuminate\\Foundation\\Http\\Middleware\\ConvertEmptyStringsToNull->handle()
#27 C:\\Web, Gulp and other\\web-development\\Works\\laravel -todo-api\\vendor\\laravel\\framework\\src\\Illuminate\\Foundation\\Http\\Middleware\\TransformsRequest.php(21): Illuminate\\Pipeline\\Pipeline->Illuminate\\Pipeline\\{closure}()
#28 C:\\Web, Gulp and other\\web-development\\Works\\laravel -todo-api\\vendor\\laravel\\framework\\src\\Illuminate\\Foundation\\Http\\Middleware\\TrimStrings.php(40): Illuminate\\Foundation\\Http\\Middleware\\TransformsRequest->handle()
#29 C:\\Web, Gulp and other\\web-development\\Works\\laravel -todo-api\\vendor\\laravel\\framework\\src\\Illuminate\\Pipeline\\Pipeline.php(180): Illuminate\\Foundation\\Http\\Middleware\\TrimStrings->handle()
#30 C:\\Web, Gulp and other\\web-development\\Works\\laravel -todo-api\\vendor\\laravel\\framework\\src\\Illuminate\\Foundation\\Http\\Middleware\\ValidatePostSize.php(27): Illuminate\\Pipeline\\Pipeline->Illuminate\\Pipeline\\{closure}()
#31 C:\\Web, Gulp and other\\web-development\\Works\\laravel -todo-api\\vendor\\laravel\\framework\\src\\Illuminate\\Pipeline\\Pipeline.php(180): Illuminate\\Foundation\\Http\\Middleware\\ValidatePostSize->handle()
#32 C:\\Web, Gulp and other\\web-development\\Works\\laravel -todo-api\\vendor\\laravel\\framework\\src\\Illuminate\\Foundation\\Http\\Middleware\\PreventRequestsDuringMaintenance.php(86): Illuminate\\Pipeline\\Pipeline->Illuminate\\Pipeline\\{closure}()
#33 C:\\Web, Gulp and other\\web-development\\Works\\laravel -todo-api\\vendor\\laravel\\framework\\src\\Illuminate\\Pipeline\\Pipeline.php(180): Illuminate\\Foundation\\Http\\Middleware\\PreventRequestsDuringMaintenance->handle()
#34 C:\\Web, Gulp and other\\web-development\\Works\\laravel -todo-api\\vendor\\fruitcake\\laravel-cors\\src\\HandleCors.php(52): Illuminate\\Pipeline\\Pipeline->Illuminate\\Pipeline\\{closure}()
#35 C:\\Web, Gulp and other\\web-development\\Works\\laravel -todo-api\\vendor\\laravel\\framework\\src\\Illuminate\\Pipeline\\Pipeline.php(180): Fruitcake\\Cors\\HandleCors->handle()
#36 C:\\Web, Gulp and other\\web-development\\Works\\laravel -todo-api\\vendor\\laravel\\framework\\src\\Illuminate\\Http\\Middleware\\TrustProxies.php(39): Illuminate\\Pipeline\\Pipeline->Illuminate\\Pipeline\\{closure}()
#37 C:\\Web, Gulp and other\\web-development\\Works\\laravel -todo-api\\vendor\\laravel\\framework\\src\\Illuminate\\Pipeline\\Pipeline.php(180): Illuminate\\Http\\Middleware\\TrustProxies->handle()
#38 C:\\Web, Gulp and other\\web-development\\Works\\laravel -todo-api\\vendor\\laravel\\framework\\src\\Illuminate\\Pipeline\\Pipeline.php(116): Illuminate\\Pipeline\\Pipeline->Illuminate\\Pipeline\\{closure}()
#39 C:\\Web, Gulp and other\\web-development\\Works\\laravel -todo-api\\vendor\\laravel\\framework\\src\\Illuminate\\Foundation\\Http\\Kernel.php(165): Illuminate\\Pipeline\\Pipeline->then()
#40 C:\\Web, Gulp and other\\web-development\\Works\\laravel -todo-api\\vendor\\laravel\\framework\\src\\Illuminate\\Foundation\\Http\\Kernel.php(134): Illuminate\\Foundation\\Http\\Kernel->sendRequestThroughRouter()
#41 C:\\Web, Gulp and other\\web-development\\Works\\laravel -todo-api\\vendor\\laravel\\framework\\src\\Illuminate\\Foundation\\Testing\\Concerns\\MakesHttpRequests.php(556): Illuminate\\Foundation\\Http\\Kernel->handle()
#42 C:\\Web, Gulp and other\\web-development\\Works\\laravel -todo-api\\vendor\\laravel\\framework\\src\\Illuminate\\Foundation\\Testing\\Concerns\\MakesHttpRequests.php(522): Illuminate\\Foundation\\Testing\\TestCase->call()
#43 C:\\Web, Gulp and other\\web-development\\Works\\laravel -todo-api\\vendor\\laravel\\framework\\src\\Illuminate\\Foundation\\Testing\\Concerns\\MakesHttpRequests.php(365): Illuminate\\Foundation\\Testing\\TestCase->json()
#44 C:\\Web, Gulp and other\\web-development\\Works\\laravel -todo-api\\tests\\Feature\\TaskApiTest.php(19): Illuminate\\Foundation\\Testing\\TestCase->postJson()
#45 C:\\Web, Gulp and other\\web-development\\Works\\laravel -todo-api\\vendor\\phpunit\\phpunit\\src\\Framework\\TestCase.php(1617): Tests\\Feature\\TaskApiTest->test_user_can_create_task()
#46 C:\\Web, Gulp and other\\web-development\\Works\\laravel -todo-api\\vendor\\phpunit\\phpunit\\src\\Framework\\TestCase.php(1223): PHPUnit\\Framework\\TestCase->runTest()
#47 C:\\Web, Gulp and other\\web-development\\Works\\laravel -todo-api\\vendor\\phpunit\\phpunit\\src\\Framework\\TestResult.php(729): PHPUnit\\Framework\\TestCase->runBare()
#48 C:\\Web, Gulp and other\\web-development\\Works\\laravel -todo-api\\vendor\\phpunit\\phpunit\\src\\Framework\\TestCase.php(973): PHPUnit\\Framework\\TestResult->run()
#49 C:\\Web, Gulp and other\\web-development\\Works\\laravel -todo-api\\vendor\\phpunit\\phpunit\\src\\Framework\\TestSuite.php(685): PHPUnit\\Framework\\TestCase->run()
#50 C:\\Web, Gulp and other\\web-development\\Works\\laravel -todo-api\\vendor\\phpunit\\phpunit\\src\\Framework\\TestSuite.php(685): PHPUnit\\Framework\\TestSuite->run()
#51 C:\\Web, Gulp and other\\web-development\\Works\\laravel -todo-api\\vendor\\phpunit\\phpunit\\src\\Framework\\TestSuite.php(685): PHPUnit\\Framework\\TestSuite->run()
#52 C:\\Web, Gulp and other\\web-development\\Works\\laravel -todo-api\\vendor\\phpunit\\phpunit\\src\\TextUI\\TestRunner.php(651): PHPUnit\\Framework\\TestSuite->run()
#53 C:\\Web, Gulp and other\\web-development\\Works\\laravel -todo-api\\vendor\\phpunit\\phpunit\\src\\TextUI\\Command.php(146): PHPUnit\\TextUI\\TestRunner->run()
#54 C:\\Web, Gulp and other\\web-development\\Works\\laravel -todo-api\\vendor\\phpunit\\phpunit\\src\\TextUI\\Command.php(99): PHPUnit\\TextUI\\Command->run()
#55 C:\\Web, Gulp and other\\web-development\\Works\\laravel -todo-api\\vendor\\phpunit\\phpunit\\phpunit(107): PHPUnit\\TextUI\\Command::main()
#56 {main}
"} 
[2025-05-30 10:19:56] testing.ERROR: Add [title] to fillable property to allow mass assignment on [App\Models\Task]. {"userId":1,"exception":"[object] (Illuminate\\Database\\Eloquent\\MassAssignmentException(code: 0): Add [title] to fillable property to allow mass assignment on [App\\Models\\Task]. at C:\\Web, Gulp and other\\web-development\\Works\\laravel -todo-api\\vendor\\laravel\\framework\\src\\Illuminate\\Database\\Eloquent\\Model.php:523)
[stacktrace]
#0 C:\\Web, Gulp and other\\web-development\\Works\\laravel -todo-api\\vendor\\laravel\\framework\\src\\Illuminate\\Database\\Eloquent\\Model.php(612): Illuminate\\Database\\Eloquent\\Model->fill()
#1 C:\\Web, Gulp and other\\web-development\\Works\\laravel -todo-api\\vendor\\laravel\\framework\\src\\Illuminate\\Database\\Eloquent\\Relations\\HasOneOrMany.php(319): Illuminate\\Database\\Eloquent\\Model->newInstance()
#2 C:\\Web, Gulp and other\\web-development\\Works\\laravel -todo-api\\app\\Http\\Controllers\\Api\\TaskController.php(18): Illuminate\\Database\\Eloquent\\Relations\\HasOneOrMany->create()
#3 C:\\Web, Gulp and other\\web-development\\Works\\laravel -todo-api\\vendor\\laravel\\framework\\src\\Illuminate\\Routing\\Controller.php(54): App\\Http\\Controllers\\Api\\TaskController->store()
#4 C:\\Web, Gulp and other\\web-development\\Works\\laravel -todo-api\\vendor\\laravel\\framework\\src\\Illuminate\\Routing\\ControllerDispatcher.php(43): Illuminate\\Routing\\Controller->callAction()
#5 C:\\Web, Gulp and other\\web-development\\Works\\laravel -todo-api\\vendor\\laravel\\framework\\src\\Illuminate\\Routing\\Route.php(259): Illuminate\\Routing\\ControllerDispatcher->dispatch()
#6 C:\\Web, Gulp and other\\web-development\\Works\\laravel -todo-api\\vendor\\laravel\\framework\\src\\Illuminate\\Routing\\Route.php(205): Illuminate\\Routing\\Route->runController()
#7 C:\\Web, Gulp and other\\web-development\\Works\\laravel -todo-api\\vendor\\laravel\\framework\\src\\Illuminate\\Routing\\Router.php(798): Illuminate\\Routing\\Route->run()
#8 C:\\Web, Gulp and other\\web-development\\Works\\laravel -todo-api\\vendor\\laravel\\framework\\src\\Illuminate\\Pipeline\\Pipeline.php(141): Illuminate\\Routing\\Router->Illuminate\\Routing\\{closure}()
#9 C:\\Web, Gulp and other\\web-development\\Works\\laravel -todo-api\\vendor\\laravel\\framework\\src\\Illuminate\\Routing\\Middleware\\SubstituteBindings.php(50): Illuminate\\Pipeline\\Pipeline->Illuminate\\Pipeline\\{closure}()
#10 C:\\Web, Gulp and other\\web-development\\Works\\laravel -todo-api\\vendor\\laravel\\framework\\src\\Illuminate\\Pipeline\\Pipeline.php(180): Illuminate\\Routing\\Middleware\\SubstituteBindings->handle()
#11 C:\\Web, Gulp and other\\web-development\\Works\\laravel -todo-api\\vendor\\laravel\\framework\\src\\Illuminate\\Routing\\Middleware\\ThrottleRequests.php(126): Illuminate\\Pipeline\\Pipeline->Illuminate\\Pipeline\\{closure}()
#12 C:\\Web, Gulp and other\\web-development\\Works\\laravel -todo-api\\vendor\\laravel\\framework\\src\\Illuminate\\Routing\\Middleware\\ThrottleRequests.php(92): Illuminate\\Routing\\Middleware\\ThrottleRequests->handleRequest()
#13 C:\\Web, Gulp and other\\web-development\\Works\\laravel -todo-api\\vendor\\laravel\\framework\\src\\Illuminate\\Routing\\Middleware\\ThrottleRequests.php(54): Illuminate\\Routing\\Middleware\\ThrottleRequests->handleRequestUsingNamedLimiter()
#14 C:\\Web, Gulp and other\\web-development\\Works\\laravel -todo-api\\vendor\\laravel\\framework\\src\\Illuminate\\Pipeline\\Pipeline.php(180): Illuminate\\Routing\\Middleware\\ThrottleRequests->handle()
#15 C:\\Web, Gulp and other\\web-development\\Works\\laravel -todo-api\\vendor\\laravel\\framework\\src\\Illuminate\\Auth\\Middleware\\Authenticate.php(44): Illuminate\\Pipeline\\Pipeline->Illuminate\\Pipeline\\{closure}()
#16 C:\\Web, Gulp and other\\web-development\\Works\\laravel -todo-api\\vendor\\laravel\\framework\\src\\Illuminate\\Pipeline\\Pipeline.php(180): Illuminate\\Auth\\Middleware\\Authenticate->handle()
#17 C:\\Web, Gulp and other\\web-development\\Works\\laravel -todo-api\\vendor\\laravel\\framework\\src\\Illuminate\\Pipeline\\Pipeline.php(116): Illuminate\\Pipeline\\Pipeline->Illuminate\\Pipeline\\{closure}()
#18 C:\\Web, Gulp and other\\web-development\\Works\\laravel -todo-api\\vendor\\laravel\\framework\\src\\Illuminate\\Routing\\Router.php(797): Illuminate\\Pipeline\\Pipeline->then()
#19 C:\\Web, Gulp and other\\web-development\\Works\\laravel -todo-api\\vendor\\laravel\\framework\\src\\Illuminate\\Routing\\Router.php(776): Illuminate\\Routing\\Router->runRouteWithinStack()
#20 C:\\Web, Gulp and other\\web-development\\Works\\laravel -todo-api\\vendor\\laravel\\framework\\src\\Illuminate\\Routing\\Router.php(740): Illuminate\\Routing\\Router->runRoute()
#21 C:\\Web, Gulp and other\\web-development\\Works\\laravel -todo-api\\vendor\\laravel\\framework\\src\\Illuminate\\Routing\\Router.php(729): Illuminate\\Routing\\Router->dispatchToRoute()
#22 C:\\Web, Gulp and other\\web-development\\Works\\laravel -todo-api\\vendor\\laravel\\framework\\src\\Illuminate\\Foundation\\Http\\Kernel.php(190): Illuminate\\Routing\\Router->dispatch()
#23 C:\\Web, Gulp and other\\web-development\\Works\\laravel -todo-api\\vendor\\laravel\\framework\\src\\Illuminate\\Pipeline\\Pipeline.php(141): Illuminate\\Foundation\\Http\\Kernel->Illuminate\\Foundation\\Http\\{closure}()
#24 C:\\Web, Gulp and other\\web-development\\Works\\laravel -todo-api\\vendor\\laravel\\framework\\src\\Illuminate\\Foundation\\Http\\Middleware\\TransformsRequest.php(21): Illuminate\\Pipeline\\Pipeline->Illuminate\\Pipeline\\{closure}()
#25 C:\\Web, Gulp and other\\web-development\\Works\\laravel -todo-api\\vendor\\laravel\\framework\\src\\Illuminate\\Foundation\\Http\\Middleware\\ConvertEmptyStringsToNull.php(31): Illuminate\\Foundation\\Http\\Middleware\\TransformsRequest->handle()
#26 C:\\Web, Gulp and other\\web-development\\Works\\laravel -todo-api\\vendor\\laravel\\framework\\src\\Illuminate\\Pipeline\\Pipeline.php(180): Illuminate\\Foundation\\Http\\Middleware\\ConvertEmptyStringsToNull->handle()
#27 C:\\Web, Gulp and other\\web-development\\Works\\laravel -todo-api\\vendor\\laravel\\framework\\src\\Illuminate\\Foundation\\Http\\Middleware\\TransformsRequest.php(21): Illuminate\\Pipeline\\Pipeline->Illuminate\\Pipeline\\{closure}()
#28 C:\\Web, Gulp and other\\web-development\\Works\\laravel -todo-api\\vendor\\laravel\\framework\\src\\Illuminate\\Foundation\\Http\\Middleware\\TrimStrings.php(40): Illuminate\\Foundation\\Http\\Middleware\\TransformsRequest->handle()
#29 C:\\Web, Gulp and other\\web-development\\Works\\laravel -todo-api\\vendor\\laravel\\framework\\src\\Illuminate\\Pipeline\\Pipeline.php(180): Illuminate\\Foundation\\Http\\Middleware\\TrimStrings->handle()
#30 C:\\Web, Gulp and other\\web-development\\Works\\laravel -todo-api\\vendor\\laravel\\framework\\src\\Illuminate\\Foundation\\Http\\Middleware\\ValidatePostSize.php(27): Illuminate\\Pipeline\\Pipeline->Illuminate\\Pipeline\\{closure}()
#31 C:\\Web, Gulp and other\\web-development\\Works\\laravel -todo-api\\vendor\\laravel\\framework\\src\\Illuminate\\Pipeline\\Pipeline.php(180): Illuminate\\Foundation\\Http\\Middleware\\ValidatePostSize->handle()
#32 C:\\Web, Gulp and other\\web-development\\Works\\laravel -todo-api\\vendor\\laravel\\framework\\src\\Illuminate\\Foundation\\Http\\Middleware\\PreventRequestsDuringMaintenance.php(86): Illuminate\\Pipeline\\Pipeline->Illuminate\\Pipeline\\{closure}()
#33 C:\\Web, Gulp and other\\web-development\\Works\\laravel -todo-api\\vendor\\laravel\\framework\\src\\Illuminate\\Pipeline\\Pipeline.php(180): Illuminate\\Foundation\\Http\\Middleware\\PreventRequestsDuringMaintenance->handle()
#34 C:\\Web, Gulp and other\\web-development\\Works\\laravel -todo-api\\vendor\\fruitcake\\laravel-cors\\src\\HandleCors.php(52): Illuminate\\Pipeline\\Pipeline->Illuminate\\Pipeline\\{closure}()
#35 C:\\Web, Gulp and other\\web-development\\Works\\laravel -todo-api\\vendor\\laravel\\framework\\src\\Illuminate\\Pipeline\\Pipeline.php(180): Fruitcake\\Cors\\HandleCors->handle()
#36 C:\\Web, Gulp and other\\web-development\\Works\\laravel -todo-api\\vendor\\laravel\\framework\\src\\Illuminate\\Http\\Middleware\\TrustProxies.php(39): Illuminate\\Pipeline\\Pipeline->Illuminate\\Pipeline\\{closure}()
#37 C:\\Web, Gulp and other\\web-development\\Works\\laravel -todo-api\\vendor\\laravel\\framework\\src\\Illuminate\\Pipeline\\Pipeline.php(180): Illuminate\\Http\\Middleware\\TrustProxies->handle()
#38 C:\\Web, Gulp and other\\web-development\\Works\\laravel -todo-api\\vendor\\laravel\\framework\\src\\Illuminate\\Pipeline\\Pipeline.php(116): Illuminate\\Pipeline\\Pipeline->Illuminate\\Pipeline\\{closure}()
#39 C:\\Web, Gulp and other\\web-development\\Works\\laravel -todo-api\\vendor\\laravel\\framework\\src\\Illuminate\\Foundation\\Http\\Kernel.php(165): Illuminate\\Pipeline\\Pipeline->then()
#40 C:\\Web, Gulp and other\\web-development\\Works\\laravel -todo-api\\vendor\\laravel\\framework\\src\\Illuminate\\Foundation\\Http\\Kernel.php(134): Illuminate\\Foundation\\Http\\Kernel->sendRequestThroughRouter()
#41 C:\\Web, Gulp and other\\web-development\\Works\\laravel -todo-api\\vendor\\laravel\\framework\\src\\Illuminate\\Foundation\\Testing\\Concerns\\MakesHttpRequests.php(556): Illuminate\\Foundation\\Http\\Kernel->handle()
#42 C:\\Web, Gulp and other\\web-development\\Works\\laravel -todo-api\\vendor\\laravel\\framework\\src\\Illuminate\\Foundation\\Testing\\Concerns\\MakesHttpRequests.php(522): Illuminate\\Foundation\\Testing\\TestCase->call()
#43 C:\\Web, Gulp and other\\web-development\\Works\\laravel -todo-api\\vendor\\laravel\\framework\\src\\Illuminate\\Foundation\\Testing\\Concerns\\MakesHttpRequests.php(365): Illuminate\\Foundation\\Testing\\TestCase->json()
#44 C:\\Web, Gulp and other\\web-development\\Works\\laravel -todo-api\\tests\\Feature\\TaskApiTest.php(19): Illuminate\\Foundation\\Testing\\TestCase->postJson()
#45 C:\\Web, Gulp and other\\web-development\\Works\\laravel -todo-api\\vendor\\phpunit\\phpunit\\src\\Framework\\TestCase.php(1617): Tests\\Feature\\TaskApiTest->test_user_can_create_task()
#46 C:\\Web, Gulp and other\\web-development\\Works\\laravel -todo-api\\vendor\\phpunit\\phpunit\\src\\Framework\\TestCase.php(1223): PHPUnit\\Framework\\TestCase->runTest()
#47 C:\\Web, Gulp and other\\web-development\\Works\\laravel -todo-api\\vendor\\phpunit\\phpunit\\src\\Framework\\TestResult.php(729): PHPUnit\\Framework\\TestCase->runBare()
#48 C:\\Web, Gulp and other\\web-development\\Works\\laravel -todo-api\\vendor\\phpunit\\phpunit\\src\\Framework\\TestCase.php(973): PHPUnit\\Framework\\TestResult->run()
#49 C:\\Web, Gulp and other\\web-development\\Works\\laravel -todo-api\\vendor\\phpunit\\phpunit\\src\\Framework\\TestSuite.php(685): PHPUnit\\Framework\\TestCase->run()
#50 C:\\Web, Gulp and other\\web-development\\Works\\laravel -todo-api\\vendor\\phpunit\\phpunit\\src\\Framework\\TestSuite.php(685): PHPUnit\\Framework\\TestSuite->run()
#51 C:\\Web, Gulp and other\\web-development\\Works\\laravel -todo-api\\vendor\\phpunit\\phpunit\\src\\Framework\\TestSuite.php(685): PHPUnit\\Framework\\TestSuite->run()
#52 C:\\Web, Gulp and other\\web-development\\Works\\laravel -todo-api\\vendor\\phpunit\\phpunit\\src\\TextUI\\TestRunner.php(651): PHPUnit\\Framework\\TestSuite->run()
#53 C:\\Web, Gulp and other\\web-development\\Works\\laravel -todo-api\\vendor\\phpunit\\phpunit\\src\\TextUI\\Command.php(146): PHPUnit\\TextUI\\TestRunner->run()
#54 C:\\Web, Gulp and other\\web-development\\Works\\laravel -todo-api\\vendor\\phpunit\\phpunit\\src\\TextUI\\Command.php(99): PHPUnit\\TextUI\\Command->run()
#55 C:\\Web, Gulp and other\\web-development\\Works\\laravel -todo-api\\vendor\\phpunit\\phpunit\\phpunit(107): PHPUnit\\TextUI\\Command::main()
#56 {main}
"} 
[2025-05-30 10:25:34] local.ERROR: Route [login] not defined. {"exception":"[object] (Symfony\\Component\\Routing\\Exception\\RouteNotFoundException(code: 0): Route [login] not defined. at C:\\Web, Gulp and other\\web-development\\Works\\laravel -todo-api\\vendor\\laravel\\framework\\src\\Illuminate\\Routing\\UrlGenerator.php:467)
[stacktrace]
#0 C:\\Web, Gulp and other\\web-development\\Works\\laravel -todo-api\\vendor\\laravel\\framework\\src\\Illuminate\\Foundation\\helpers.php(826): Illuminate\\Routing\\UrlGenerator->route()
#1 C:\\Web, Gulp and other\\web-development\\Works\\laravel -todo-api\\app\\Http\\Middleware\\Authenticate.php(18): route()
#2 C:\\Web, Gulp and other\\web-development\\Works\\laravel -todo-api\\vendor\\laravel\\framework\\src\\Illuminate\\Auth\\Middleware\\Authenticate.php(83): App\\Http\\Middleware\\Authenticate->redirectTo()
#3 C:\\Web, Gulp and other\\web-development\\Works\\laravel -todo-api\\vendor\\laravel\\framework\\src\\Illuminate\\Auth\\Middleware\\Authenticate.php(68): Illuminate\\Auth\\Middleware\\Authenticate->unauthenticated()
#4 C:\\Web, Gulp and other\\web-development\\Works\\laravel -todo-api\\vendor\\laravel\\framework\\src\\Illuminate\\Auth\\Middleware\\Authenticate.php(42): Illuminate\\Auth\\Middleware\\Authenticate->authenticate()
#5 C:\\Web, Gulp and other\\web-development\\Works\\laravel -todo-api\\vendor\\laravel\\framework\\src\\Illuminate\\Pipeline\\Pipeline.php(180): Illuminate\\Auth\\Middleware\\Authenticate->handle()
#6 C:\\Web, Gulp and other\\web-development\\Works\\laravel -todo-api\\vendor\\laravel\\framework\\src\\Illuminate\\Pipeline\\Pipeline.php(116): Illuminate\\Pipeline\\Pipeline->Illuminate\\Pipeline\\{closure}()
#7 C:\\Web, Gulp and other\\web-development\\Works\\laravel -todo-api\\vendor\\laravel\\framework\\src\\Illuminate\\Routing\\Router.php(797): Illuminate\\Pipeline\\Pipeline->then()
#8 C:\\Web, Gulp and other\\web-development\\Works\\laravel -todo-api\\vendor\\laravel\\framework\\src\\Illuminate\\Routing\\Router.php(776): Illuminate\\Routing\\Router->runRouteWithinStack()
#9 C:\\Web, Gulp and other\\web-development\\Works\\laravel -todo-api\\vendor\\laravel\\framework\\src\\Illuminate\\Routing\\Router.php(740): Illuminate\\Routing\\Router->runRoute()
#10 C:\\Web, Gulp and other\\web-development\\Works\\laravel -todo-api\\vendor\\laravel\\framework\\src\\Illuminate\\Routing\\Router.php(729): Illuminate\\Routing\\Router->dispatchToRoute()
#11 C:\\Web, Gulp and other\\web-development\\Works\\laravel -todo-api\\vendor\\laravel\\framework\\src\\Illuminate\\Foundation\\Http\\Kernel.php(190): Illuminate\\Routing\\Router->dispatch()
#12 C:\\Web, Gulp and other\\web-development\\Works\\laravel -todo-api\\vendor\\laravel\\framework\\src\\Illuminate\\Pipeline\\Pipeline.php(141): Illuminate\\Foundation\\Http\\Kernel->Illuminate\\Foundation\\Http\\{closure}()
#13 C:\\Web, Gulp and other\\web-development\\Works\\laravel -todo-api\\vendor\\laravel\\framework\\src\\Illuminate\\Foundation\\Http\\Middleware\\TransformsRequest.php(21): Illuminate\\Pipeline\\Pipeline->Illuminate\\Pipeline\\{closure}()
#14 C:\\Web, Gulp and other\\web-development\\Works\\laravel -todo-api\\vendor\\laravel\\framework\\src\\Illuminate\\Foundation\\Http\\Middleware\\ConvertEmptyStringsToNull.php(31): Illuminate\\Foundation\\Http\\Middleware\\TransformsRequest->handle()
#15 C:\\Web, Gulp and other\\web-development\\Works\\laravel -todo-api\\vendor\\laravel\\framework\\src\\Illuminate\\Pipeline\\Pipeline.php(180): Illuminate\\Foundation\\Http\\Middleware\\ConvertEmptyStringsToNull->handle()
#16 C:\\Web, Gulp and other\\web-development\\Works\\laravel -todo-api\\vendor\\laravel\\framework\\src\\Illuminate\\Foundation\\Http\\Middleware\\TransformsRequest.php(21): Illuminate\\Pipeline\\Pipeline->Illuminate\\Pipeline\\{closure}()
#17 C:\\Web, Gulp and other\\web-development\\Works\\laravel -todo-api\\vendor\\laravel\\framework\\src\\Illuminate\\Foundation\\Http\\Middleware\\TrimStrings.php(40): Illuminate\\Foundation\\Http\\Middleware\\TransformsRequest->handle()
#18 C:\\Web, Gulp and other\\web-development\\Works\\laravel -todo-api\\vendor\\laravel\\framework\\src\\Illuminate\\Pipeline\\Pipeline.php(180): Illuminate\\Foundation\\Http\\Middleware\\TrimStrings->handle()
#19 C:\\Web, Gulp and other\\web-development\\Works\\laravel -todo-api\\vendor\\laravel\\framework\\src\\Illuminate\\Foundation\\Http\\Middleware\\ValidatePostSize.php(27): Illuminate\\Pipeline\\Pipeline->Illuminate\\Pipeline\\{closure}()
#20 C:\\Web, Gulp and other\\web-development\\Works\\laravel -todo-api\\vendor\\laravel\\framework\\src\\Illuminate\\Pipeline\\Pipeline.php(180): Illuminate\\Foundation\\Http\\Middleware\\ValidatePostSize->handle()
#21 C:\\Web, Gulp and other\\web-development\\Works\\laravel -todo-api\\vendor\\laravel\\framework\\src\\Illuminate\\Foundation\\Http\\Middleware\\PreventRequestsDuringMaintenance.php(86): Illuminate\\Pipeline\\Pipeline->Illuminate\\Pipeline\\{closure}()
#22 C:\\Web, Gulp and other\\web-development\\Works\\laravel -todo-api\\vendor\\laravel\\framework\\src\\Illuminate\\Pipeline\\Pipeline.php(180): Illuminate\\Foundation\\Http\\Middleware\\PreventRequestsDuringMaintenance->handle()
#23 C:\\Web, Gulp and other\\web-development\\Works\\laravel -todo-api\\vendor\\fruitcake\\laravel-cors\\src\\HandleCors.php(52): Illuminate\\Pipeline\\Pipeline->Illuminate\\Pipeline\\{closure}()
#24 C:\\Web, Gulp and other\\web-development\\Works\\laravel -todo-api\\vendor\\laravel\\framework\\src\\Illuminate\\Pipeline\\Pipeline.php(180): Fruitcake\\Cors\\HandleCors->handle()
#25 C:\\Web, Gulp and other\\web-development\\Works\\laravel -todo-api\\vendor\\laravel\\framework\\src\\Illuminate\\Http\\Middleware\\TrustProxies.php(39): Illuminate\\Pipeline\\Pipeline->Illuminate\\Pipeline\\{closure}()
#26 C:\\Web, Gulp and other\\web-development\\Works\\laravel -todo-api\\vendor\\laravel\\framework\\src\\Illuminate\\Pipeline\\Pipeline.php(180): Illuminate\\Http\\Middleware\\TrustProxies->handle()
#27 C:\\Web, Gulp and other\\web-development\\Works\\laravel -todo-api\\vendor\\laravel\\framework\\src\\Illuminate\\Pipeline\\Pipeline.php(116): Illuminate\\Pipeline\\Pipeline->Illuminate\\Pipeline\\{closure}()
#28 C:\\Web, Gulp and other\\web-development\\Works\\laravel -todo-api\\vendor\\laravel\\framework\\src\\Illuminate\\Foundation\\Http\\Kernel.php(165): Illuminate\\Pipeline\\Pipeline->then()
#29 C:\\Web, Gulp and other\\web-development\\Works\\laravel -todo-api\\vendor\\laravel\\framework\\src\\Illuminate\\Foundation\\Http\\Kernel.php(134): Illuminate\\Foundation\\Http\\Kernel->sendRequestThroughRouter()
#30 C:\\Web, Gulp and other\\web-development\\Works\\laravel -todo-api\\public\\index.php(51): Illuminate\\Foundation\\Http\\Kernel->handle()
#31 C:\\Web, Gulp and other\\web-development\\Works\\laravel -todo-api\\vendor\\laravel\\framework\\src\\Illuminate\\Foundation\\resources\\server.php(16): require_once('...')
#32 {main}
"} 
